<?xml version="1.0" encoding="UTF-8"?>
<!-- Generated by org.testng.reporters.JUnitReportReporter -->
<testsuite hostname="Brians-MacBook-Pro.local" name="com.covenant.app.controllers.ApppControllerTest" tests="1" failures="0" timestamp="16 Aug 2016 10:33:47 GMT" time="0.209" errors="0">
  <testcase name="findAll" time="0.209" classname="com.covenant.app.controllers.ApppControllerTest"/>
</testsuite> <!-- com.covenant.app.controllers.ApppControllerTest -->
