<?xml version="1.0" encoding="UTF-8"?>
<!-- Generated by org.testng.reporters.JUnitReportReporter -->
<testsuite hostname="Brians-MacBook-Pro.local" name="com.covenant.app.services.EmployeeServiceImplTest" tests="6" failures="0" timestamp="16 Aug 2016 10:33:47 GMT" time="0.001" errors="0">
  <testcase name="findById" time="0.001" classname="com.covenant.app.services.EmployeeServiceImplTest"/>
  <testcase name="findEmployeeBySsn" time="0.000" classname="com.covenant.app.services.EmployeeServiceImplTest"/>
  <testcase name="findAllEmployees" time="0.000" classname="com.covenant.app.services.EmployeeServiceImplTest"/>
  <testcase name="isEmployeeSsnUnique" time="0.000" classname="com.covenant.app.services.EmployeeServiceImplTest"/>
  <testcase name="saveEmployee" time="0.000" classname="com.covenant.app.services.EmployeeServiceImplTest"/>
  <testcase name="updateEmployee" time="0.000" classname="com.covenant.app.services.EmployeeServiceImplTest"/>
</testsuite> <!-- com.covenant.app.services.EmployeeServiceImplTest -->
