<?xml version="1.0" encoding="UTF-8"?>
<!-- Generated by org.testng.reporters.JUnitReportReporter -->
<testsuite hostname="Brians-MacBook-Pro.local" name="com.covenant.app.dao.EmployeeDaoImplTest" tests="4" failures="0" timestamp="16 Aug 2016 10:33:47 GMT" time="0.079" errors="0">
  <testcase name="findAllEmployees" time="0.016" classname="com.covenant.app.dao.EmployeeDaoImplTest"/>
  <testcase name="findById" time="0.019" classname="com.covenant.app.dao.EmployeeDaoImplTest"/>
  <testcase name="findEmployeeBySsn" time="0.014" classname="com.covenant.app.dao.EmployeeDaoImplTest"/>
  <testcase name="saveEmployee" time="0.030" classname="com.covenant.app.dao.EmployeeDaoImplTest"/>
</testsuite> <!-- com.covenant.app.dao.EmployeeDaoImplTest -->
