<?xml version="1.0" encoding="UTF-8"?>
<!-- Generated by org.testng.reporters.JUnitReportReporter -->
<testsuite hostname="Brians-MacBook-Pro.local" name="com.covenant.app.controllers.AppControllerTest" tests="9" failures="0" timestamp="16 Aug 2016 10:33:47 GMT" time="0.029" errors="0">
  <testcase name="newEmployee" time="0.000" classname="com.covenant.app.controllers.AppControllerTest"/>
  <testcase name="saveEmployeeWithSuccess" time="0.002" classname="com.covenant.app.controllers.AppControllerTest"/>
  <testcase name="listEmployees" time="0.004" classname="com.covenant.app.controllers.AppControllerTest"/>
  <testcase name="updateEmployeeWithValidationErrorNonUniqueSSN" time="0.001" classname="com.covenant.app.controllers.AppControllerTest"/>
  <testcase name="updateEmployeeWithSuccess" time="0.001" classname="com.covenant.app.controllers.AppControllerTest"/>
  <testcase name="updateEmployeeWithValidationError" time="0.000" classname="com.covenant.app.controllers.AppControllerTest"/>
  <testcase name="saveEmployeeWithValidationError" time="0.000" classname="com.covenant.app.controllers.AppControllerTest"/>
  <testcase name="saveEmployeeWithValidationErrorNonUniqueSSN" time="0.001" classname="com.covenant.app.controllers.AppControllerTest"/>
  <testcase name="editEmployee" time="0.020" classname="com.covenant.app.controllers.AppControllerTest"/>
</testsuite> <!-- com.covenant.app.controllers.AppControllerTest -->
